mktextfm ptmr8t
mktextfm ptmr8t
mktextfm ptmr8t
mktextfm ptmr8t
mktextfm ptmr8t
mktextfm ptmb8t
mktextfm nullfont
mktextfm ptmb8t
mktextfm nullfont
mktextfm ptmb8t
mktextfm nullfont
mktextfm ptmr8t
mktextfm ptmb8t
mktextfm nullfont
mktextfm ptmb8t
mktextfm nullfont
mktextfm ptmr8c
mktextfm pcrr8t
mktextfm ptmb8t
mktextfm nullfont
mktextfm ptmri8t
mktextfm ptmr8t
mktextfm pcrr8t
mktextfm ptmbi8t
mktextfm nullfont
mktextfm ptmri8t
mktextfm ptmr8t
mktextfm ptmr8t
mktextfm ptmr8t
mktextfm ptmr8t
mktextfm ptmr8t
mktextfm ptmb8t
mktextfm nullfont
mktextfm ptmb8t
mktextfm nullfont
mktextfm ptmb8t
mktextfm nullfont
mktextfm ptmr8t
mktextfm ptmb8t
mktextfm nullfont
mktextfm ptmb8t
mktextfm nullfont
mktextfm ptmr8c
mktextfm pcrr8t
mktextfm ptmb8t
mktextfm nullfont
mktextfm ptmri8t
mktextfm ptmr8t
mktextfm pcrr8t
mktextfm ptmbi8t
mktextfm nullfont
mktextfm ptmri8t
